<?xml version="1.0" encoding="UTF-8"?>
<coverage line-rate="0.8" branch-rate="0.0" version="LCOV Demo" timestamp="1709488800">
  <packages>
    <package name="power" line-rate="0.8">
      <classes>
        <class name="power.c" filename="src/power.c" line-rate="0.8">
          <lines>
            <line number="1" hits="1" />
            <line number="2" hits="1" />
            <line number="3" hits="1" />
            <line number="4" hits="1" />
            <line number="5" hits="1" />
            <line number="6" hits="0" />
            <line number="7" hits="1" />
            <line number="8" hits="1" />
            <line number="9" hits="1" />
            <line number="10" hits="0" />
          </lines>
        </class>
        <class name="display.c" filename="src/display.c" line-rate="0.8">
          <lines>
            <line number="1" hits="1" />
            <line number="2" hits="1" />
            <line number="3" hits="1" />
            <line number="4" hits="1" />
            <line number="5" hits="0" />
            <line number="6" hits="0" />
            <line number="7" hits="1" />
            <line number="8" hits="1" />
            <line number="9" hits="1" />
            <line number="10" hits="1" />
          </lines>
        </class>
        <class name="logger.c" filename="src/logger.c" line-rate="0.8">
          <lines>
            <line number="1" hits="1" />
            <line number="2" hits="1" />
            <line number="3" hits="1" />
            <line number="4" hits="1" />
            <line number="5" hits="1" />
            <line number="6" hits="1" />
            <line number="7" hits="1" />
            <line number="8" hits="1" />
            <line number="9" hits="0" />
            <line number="10" hits="0" />
          </lines>
        </class>
      </classes>
    </package>
  </packages>
</coverage>
